<?xml version="1.0" encoding="utf-8"?><testsuites name="pytest tests"><testsuite name="pytest" errors="0" failures="0" skipped="0" tests="15" time="8.661" timestamp="2026-08-28T11:12:32.992871+00:00" hostname="agent-env-8082461d-1658-4462-acf5-7a513de552bd"><testcase classname="backend.tests.test_ai_api.TestSkills" name="test_list_skills_builtins" time="0.177" /><testcase classname="backend.tests.test_ai_api.TestSkills" name="test_toggle_find_file_persists_file" time="0.250" /><testcase classname="backend.tests.test_ai_api.TestSkills" name="test_create_and_delete_custom_skill" time="0.383" /><testcase classname="backend.tests.test_ai_api.TestSkills" name="test_delete_builtin_returns_400" time="0.100" /><testcase classname="backend.tests.test_ai_api.TestSkills" name="test_create_skill_validation" time="0.227" /><testcase classname="backend.tests.test_ai_api.TestMcp" name="test_list_and_update_notion" time="0.275" /><testcase classname="backend.tests.test_ai_api.TestMcp" name="test_action_test" time="0.238" /><testcase classname="backend.tests.test_ai_api.TestMcp" name="test_action_pull_mock" time="0.180" /><testcase classname="backend.tests.test_ai_api.TestMcp" name="test_unknown_action" time="0.194" /><testcase classname="backend.tests.test_ai_api.TestSystem" name="test_get_system" time="0.139" /><testcase classname="backend.tests.test_ai_api.TestSystem" name="test_put_system_roundtrip" time="0.286" /><testcase classname="backend.tests.test_ai_api.TestSystem" name="test_put_system_empty_rejected" time="0.149" /><testcase classname="backend.tests.test_ai_api.TestChat" name="test_chat_text_streams_and_persists_session" time="1.705" /><testcase classname="backend.tests.test_ai_api.TestChat" name="test_chat_tool_call_find_file" time="3.697" /><testcase classname="backend.tests.test_ai_api.TestSessions" name="test_create_get_patch_delete" time="0.458" /></testsuite></testsuites>