<?xml version="1.0" encoding="utf-8"?><testsuites name="pytest tests"><testsuite name="pytest" errors="0" failures="0" skipped="0" tests="22" time="32.408" timestamp="2026-09-06T15:13:19.349728+00:00" hostname="agent-env-740f42ae-8f7f-41f8-9cf3-18e33fd981ed"><testcase classname="tests.api.test_admin" name="test_key_preview" time="2.692" /><testcase classname="tests.api.test_admin" name="test_register_validation" time="2.689" /><testcase classname="tests.api.test_admin" name="test_registered_user_has_access" time="1.596" /><testcase classname="tests.api.test_admin" name="test_key_is_single_use" time="0.507" /><testcase classname="tests.api.test_admin" name="test_duplicate_login" time="0.593" /><testcase classname="tests.api.test_admin" name="test_upgrade_by_pro_key" time="0.797" /><testcase classname="tests.api.test_admin" name="test_admin_only" time="0.801" /><testcase classname="tests.api.test_admin" name="test_plan_crud" time="1.000" /><testcase classname="tests.api.test_admin" name="test_set_plan_and_license_by_admin" time="1.298" /><testcase classname="tests.api.test_admin" name="test_user_isolation" time="0.599" /><testcase classname="tests.api.test_admin" name="test_feature_toggle" time="0.802" /><testcase classname="tests.api.test_admin" name="test_admin_cannot_demote_self" time="0.497" /><testcase classname="tests.api.test_admin" name="test_reset_password_and_sessions" time="2.599" /><testcase classname="tests.api.test_admin" name="test_block_and_delete" time="2.401" /><testcase classname="tests.api.test_cloud_sharing_iter51.TestCloudShareIter51" name="test_share_binary_and_download_preserves_all_bytes" time="1.295" /><testcase classname="tests.api.test_cloud_sharing_iter51.TestCloudShareIter51" name="test_share_idempotent_same_source_returns_same_cloud_id" time="0.202" /><testcase classname="tests.api.test_cloud_sharing_iter51.TestCloudShareIter51" name="test_share_concurrent_same_source_single_cloud_id" time="1.400" /><testcase classname="tests.api.test_cloud_sharing_iter51.TestCloudShareIter51" name="test_share_note_snapshot_and_download_json" time="0.339" /><testcase classname="tests.api.test_cloud_sharing_iter51.TestCloudShareIter51" name="test_soft_delete_then_republish_creates_new_copy" time="0.602" /><testcase classname="tests.api.test_cloud_sharing_iter51.TestCloudShareIter51" name="test_upload_rename_delete_routes_still_work" time="0.802" /><testcase classname="tests.api.test_cloud_sharing_iter51.TestCloudShareIter51" name="test_drive_view_hides_path_and_hides_other_owner_source" time="4.195" /><testcase classname="tests.api.test_cloud_sharing_iter51.TestCloudShareIter51" name="test_permissions_member_nonmember_and_unauth" time="3.518" /></testsuite></testsuites>