<?xml version="1.0" encoding="utf-8"?><testsuites name="pytest tests"><testsuite name="pytest" errors="0" failures="0" skipped="0" tests="2" time="1.432" timestamp="2026-09-06T15:17:30.823715+00:00" hostname="agent-env-740f42ae-8f7f-41f8-9cf3-18e33fd981ed"><testcase classname="backend.tests.test_admin_cloud_two_session_iter56" name="test_second_admin_uid_persists_in_session" time="0.879" /><testcase classname="backend.tests.test_admin_cloud_two_session_iter56" name="test_shared_file_upload_download_persistence_and_cleanup" time="0.480" /></testsuite></testsuites>