<?xml version="1.0" encoding="utf-8"?><testsuites name="pytest tests"><testsuite name="pytest" errors="0" failures="0" skipped="0" tests="7" time="4.758" timestamp="2026-09-05T17:59:25.994977+00:00" hostname="agent-env-af64b12e-8048-4269-9ee1-77ebc46f6cec"><testcase classname="backend.tests.test_access_auth_backend" name="test_login_rejects_invalid_password" time="0.361" /><testcase classname="backend.tests.test_access_auth_backend" name="test_login_allows_empty_login_for_admin" time="0.174" /><testcase classname="backend.tests.test_access_auth_backend" name="test_login_allows_explicit_admin_login" time="0.210" /><testcase classname="backend.tests.test_access_auth_backend" name="test_register_validation_short_password_and_mismatch" time="1.201" /><testcase classname="backend.tests.test_access_auth_backend" name="test_key_preview_validation_invalid_key_shape" time="0.511" /><testcase classname="backend.tests.test_access_auth_backend" name="test_register_real_disposable_account_and_session" time="1.019" /><testcase classname="backend.tests.test_access_auth_backend" name="test_redeem_license_requires_auth" time="1.227" /></testsuite></testsuites>