<?xml version="1.0" encoding="utf-8"?><testsuites name="pytest tests"><testsuite name="pytest" errors="0" failures="0" skipped="0" tests="7" time="3.553" timestamp="2026-09-05T22:23:04.652484+00:00" hostname="agent-env-a990df4b-de63-42e8-af01-5fcd08a578ff"><testcase classname="backend.tests.test_access_auth_backend" name="test_login_rejects_invalid_password" time="0.298" /><testcase classname="backend.tests.test_access_auth_backend" name="test_login_allows_empty_login_for_admin" time="0.213" /><testcase classname="backend.tests.test_access_auth_backend" name="test_login_allows_explicit_admin_login" time="0.269" /><testcase classname="backend.tests.test_access_auth_backend" name="test_register_validation_short_password_and_mismatch" time="0.334" /><testcase classname="backend.tests.test_access_auth_backend" name="test_key_preview_validation_invalid_key_shape" time="0.203" /><testcase classname="backend.tests.test_access_auth_backend" name="test_register_real_disposable_account_and_session" time="0.971" /><testcase classname="backend.tests.test_access_auth_backend" name="test_redeem_license_requires_auth" time="1.212" /></testsuite></testsuites>