<?xml version="1.0" encoding="utf-8"?><testsuites name="pytest tests"><testsuite name="pytest" errors="0" failures="0" skipped="0" tests="8" time="4.400" timestamp="2026-09-06T13:00:16.914354+00:00" hostname="agent-env-e15c0a0f-33d5-4565-9432-31f6297d3dad"><testcase classname="backend.tests.test_chat_access_permissions_iter53" name="test_chat_access_get_returns_tools" time="0.272" /><testcase classname="backend.tests.test_chat_access_permissions_iter53" name="test_chat_access_unknown_tool_is_forbidden" time="0.070" /><testcase classname="backend.tests.test_chat_access_permissions_iter53" name="test_restricted_user_gets_403_for_blocked_chat_actions[save_password-args0]" time="0.852" /><testcase classname="backend.tests.test_chat_access_permissions_iter53" name="test_restricted_user_gets_403_for_blocked_chat_actions[generate_password-args1]" time="0.758" /><testcase classname="backend.tests.test_chat_access_permissions_iter53" name="test_restricted_user_gets_403_for_blocked_chat_actions[create_mailbox-args2]" time="0.755" /><testcase classname="backend.tests.test_chat_access_permissions_iter53" name="test_restricted_user_gets_403_for_blocked_chat_actions[open_app-args3]" time="0.798" /><testcase classname="backend.tests.test_chat_access_permissions_iter53" name="test_restricted_user_gets_403_for_blocked_chat_actions[open_app-args4]" time="0.760" /><testcase classname="backend.tests.test_chat_access_permissions_iter53" name="test_gmail_create_mailbox_honest_refusal_when_not_configured" time="0.070" /></testsuite></testsuites>