<?xml version="1.0" encoding="utf-8"?><testsuites name="pytest tests"><testsuite name="pytest" errors="0" failures="0" skipped="0" tests="12" time="41.679" timestamp="2026-09-04T19:37:05.145453+00:00" hostname="agent-env-2d2bc0c8-5e6a-442c-a2fd-0333525b35ac"><testcase classname="tests.api.test_mail_read" name="test_unauth_folders_401" time="0.704" /><testcase classname="tests.api.test_mail_read" name="test_unknown_account_404" time="0.157" /><testcase classname="tests.api.test_mail_read" name="test_bad_uid_400" time="0.084" /><testcase classname="tests.api.test_mail_read" name="test_bad_cursor_400" time="0.113" /><testcase classname="tests.api.test_mail_read" name="test_flags_without_body_400" time="0.119" /><testcase classname="tests.api.test_mail_read" name="test_folders_inbox_first_with_counters" time="4.948" /><testcase classname="tests.api.test_mail_read" name="test_unknown_folder_404" time="3.179" /><testcase classname="tests.api.test_mail_read" name="test_messages_page_shape" time="3.853" /><testcase classname="tests.api.test_mail_read" name="test_messages_limit_and_cursor" time="7.684" /><testcase classname="tests.api.test_mail_read" name="test_message_body_and_seen" time="4.174" /><testcase classname="tests.api.test_mail_read" name="test_message_not_found_404" time="3.726" /><testcase classname="tests.api.test_mail_read" name="test_flags_roundtrip" time="12.876" /></testsuite></testsuites>