<?xml version="1.0" encoding="utf-8"?><testsuites name="pytest tests"><testsuite name="pytest" errors="0" failures="0" skipped="0" tests="8" time="2.363" timestamp="2026-09-09T20:44:42.504719+00:00" hostname="agent-env-<PREVIEW_INSTANCE>"><testcase classname="backend.tests.test_workspacex_api.TestAuth" name="test_login_invalid" time="0.395" /><testcase classname="backend.tests.test_workspacex_api.TestAuth" name="test_provider_unauthenticated" time="0.209" /><testcase classname="backend.tests.test_workspacex_api.TestAiProvider" name="test_provider_get" time="0.383" /><testcase classname="backend.tests.test_workspacex_api.TestAiProvider" name="test_engine_status" time="0.089" /><testcase classname="backend.tests.test_workspacex_api.TestAiProvider" name="test_openrouter_models_list" time="0.409" /><testcase classname="backend.tests.test_workspacex_api.TestAiProvider" name="test_persist_custom_then_restore_openrouter" time="0.399" /><testcase classname="backend.tests.test_workspacex_api.TestCloudStorage" name="test_storage_root_get" time="0.091" /><testcase classname="backend.tests.test_workspacex_api.TestCloudStorage" name="test_models_endpoint_alias" time="0.321" /></testsuite></testsuites>