<?xml version="1.0" encoding="utf-8"?><testsuites name="pytest tests"><testsuite name="pytest" errors="0" failures="1" skipped="0" tests="6" time="12.453" timestamp="2026-09-04T17:26:58.190506+00:00" hostname="agent-env-da4fa513-89fd-46a5-aa73-488e2ddf8750"><testcase classname="tests.api.test_mail_proton_iter32" name="test_discover_proton_has_bridge_and_alt" time="0.312" /><testcase classname="tests.api.test_mail_proton_iter32" name="test_discover_gmail_has_no_bridge_or_alt" time="0.046" /><testcase classname="tests.api.test_mail_proton_iter32" name="test_proton_default_no_config_returns_needs_bridge" time="0.047"><failure message="TypeError: can only concatenate str (not &quot;dict&quot;) to str">tests/api/test_mail_proton_iter32.py:76: in test_proton_default_no_config_returns_needs_bridge
    err_text = (body.get("error") or "") + " " + (body.get("message") or "") + " " + (body.get("hint") or "")
               ^^^^^^^^^^^^^^^^^^^^^^^^^^^^^^^^^^^^^^^^^^^^^^^^^^^^^^^^^^^^^^^^^^^^^^^^^^^^^^^^^^^^^^^^^^^^^^
E   TypeError: can only concatenate str (not "dict") to str</failure></testcase><testcase classname="tests.api.test_mail_proton_iter32" name="test_proton_token_mode_bad_token_returns_auth_failed" time="1.786" /><testcase classname="tests.api.test_mail_proton_iter32" name="test_bridge_ports_without_bridge_flag_rejected" time="0.040" /><testcase classname="tests.api.test_mail_proton_iter32" name="test_bridge_ports_with_bridge_flag_accepted_for_validation" time="10.060" /></testsuite></testsuites>