<?xml version="1.0" encoding="utf-8"?><testsuites name="pytest tests"><testsuite name="pytest" errors="0" failures="0" skipped="0" tests="3" time="0.790" timestamp="2026-09-06T09:53:38.151234+00:00" hostname="agent-env-66a97628-c610-40a7-863c-82828e845d5d"><testcase classname="backend.tests.test_settings_api_smoke" name="test_auth_session_persistence" time="0.316" /><testcase classname="backend.tests.test_settings_api_smoke" name="test_cloud_view_endpoint_is_not_5xx" time="0.071" /><testcase classname="backend.tests.test_settings_api_smoke" name="test_mcp_list_endpoint_is_not_5xx" time="0.075" /></testsuite></testsuites>