<?xml version="1.0" encoding="utf-8"?><testsuites name="pytest tests"><testsuite name="pytest" errors="0" failures="1" skipped="0" tests="11" time="8.322" timestamp="2026-09-06T12:02:14.392002+00:00" hostname="agent-env-43567888-13e5-4588-a28a-f9474d32fa64"><testcase classname="tests.api.test_cloud_sharing_iter51.TestCloudShareIter51" name="test_share_binary_and_download_preserves_all_bytes" time="0.972" /><testcase classname="tests.api.test_cloud_sharing_iter51.TestCloudShareIter51" name="test_share_idempotent_same_source_returns_same_cloud_id" time="0.066" /><testcase classname="tests.api.test_cloud_sharing_iter51.TestCloudShareIter51" name="test_share_concurrent_same_source_single_cloud_id" time="0.802" /><testcase classname="tests.api.test_cloud_sharing_iter51.TestCloudShareIter51" name="test_share_note_snapshot_and_download_json" time="0.180" /><testcase classname="tests.api.test_cloud_sharing_iter51.TestCloudShareIter51" name="test_soft_delete_then_republish_creates_new_copy" time="0.789" /><testcase classname="tests.api.test_cloud_sharing_iter51.TestCloudShareIter51" name="test_upload_rename_delete_routes_still_work" time="0.447" /><testcase classname="tests.api.test_cloud_sharing_iter51.TestCloudShareIter51" name="test_drive_view_hides_path_and_hides_other_owner_source" time="1.373" /><testcase classname="tests.api.test_cloud_sharing_iter51.TestCloudShareIter51" name="test_permissions_member_nonmember_and_unauth" time="1.396" /><testcase classname="backend.tests.test_cloud_feature_gate_iter52.TestCloudFeatureGateIter52" name="test_admin_bypass_kept_for_cloud_list" time="0.252" /><testcase classname="backend.tests.test_cloud_feature_gate_iter52.TestCloudFeatureGateIter52" name="test_pro_user_is_not_feature_blocked" time="1.333" /><testcase classname="backend.tests.test_cloud_feature_gate_iter52.TestCloudFeatureGateIter52" name="test_basic_cloud_false_blocked_for_root_and_children" time="0.571"><failure message="AssertionError: GET /ai-api/cloud: 200 {&quot;isAdmin&quot;:false,&quot;member&quot;:false,&quot;folders&quot;:[],&quot;files&quot;:[]}&#10;assert 200 == 403&#10; +  where 200 = &lt;Response [200]&gt;.status_code">backend/tests/test_cloud_feature_gate_iter52.py:185: in test_basic_cloud_false_blocked_for_root_and_children
    assert response.status_code == 403, f"{label}: {response.status_code} {response.text}"
E   AssertionError: GET /ai-api/cloud: 200 {"isAdmin":false,"member":false,"folders":[],"files":[]}
E   assert 200 == 403
E    +  where 200 = &lt;Response [200]&gt;.status_code</failure></testcase></testsuite></testsuites>