<?xml version="1.0" encoding="utf-8"?><testsuites name="pytest tests"><testsuite name="pytest" errors="0" failures="0" skipped="0" tests="7" time="4.417" timestamp="2026-09-05T22:07:30.129812+00:00" hostname="agent-env-a990df4b-de63-42e8-af01-5fcd08a578ff"><testcase classname="backend.tests.test_access_auth_backend" name="test_login_rejects_invalid_password" time="0.999" /><testcase classname="backend.tests.test_access_auth_backend" name="test_login_allows_empty_login_for_admin" time="0.205" /><testcase classname="backend.tests.test_access_auth_backend" name="test_login_allows_explicit_admin_login" time="0.212" /><testcase classname="backend.tests.test_access_auth_backend" name="test_register_validation_short_password_and_mismatch" time="0.385" /><testcase classname="backend.tests.test_access_auth_backend" name="test_key_preview_validation_invalid_key_shape" time="0.281" /><testcase classname="backend.tests.test_access_auth_backend" name="test_register_real_disposable_account_and_session" time="1.144" /><testcase classname="backend.tests.test_access_auth_backend" name="test_redeem_license_requires_auth" time="1.140" /></testsuite></testsuites>