<?xml version="1.0" encoding="utf-8"?><testsuites name="pytest tests"><testsuite name="pytest" errors="0" failures="0" skipped="0" tests="32" time="19.324" timestamp="2026-09-04T02:22:35.772161+00:00" hostname="agent-env-33155e3b-62c1-4473-b507-66dcc7b982bf"><testcase classname="tests.api.test_admin" name="test_key_preview" time="1.272" /><testcase classname="tests.api.test_admin" name="test_register_validation" time="1.536" /><testcase classname="tests.api.test_admin" name="test_registered_user_has_access" time="0.691" /><testcase classname="tests.api.test_admin" name="test_key_is_single_use" time="0.406" /><testcase classname="tests.api.test_admin" name="test_duplicate_login" time="0.295" /><testcase classname="tests.api.test_admin" name="test_upgrade_by_pro_key" time="0.499" /><testcase classname="tests.api.test_admin" name="test_admin_only" time="0.499" /><testcase classname="tests.api.test_admin" name="test_plan_crud" time="0.561" /><testcase classname="tests.api.test_admin" name="test_set_plan_and_license_by_admin" time="0.732" /><testcase classname="tests.api.test_admin" name="test_user_isolation" time="0.303" /><testcase classname="tests.api.test_admin" name="test_feature_toggle" time="0.468" /><testcase classname="tests.api.test_admin" name="test_admin_cannot_demote_self" time="0.294" /><testcase classname="tests.api.test_admin" name="test_reset_password_and_sessions" time="1.373" /><testcase classname="tests.api.test_admin" name="test_block_and_delete" time="1.197" /><testcase classname="tests.api.test_plans_licensing.TestLogin" name="test_password_only_login_is_admin" time="0.667" /><testcase classname="tests.api.test_plans_licensing.TestLogin" name="test_wrong_password_401" time="0.200" /><testcase classname="tests.api.test_plans_licensing.TestPlans" name="test_plans_require_admin" time="0.336" /><testcase classname="tests.api.test_plans_licensing.TestPlans" name="test_plans_forbidden_for_regular_user" time="0.594" /><testcase classname="tests.api.test_plans_licensing.TestPlans" name="test_create_validation" time="0.237" /><testcase classname="tests.api.test_plans_licensing.TestPlans" name="test_create_patch_delete" time="0.769" /><testcase classname="tests.api.test_plans_licensing.TestPlans" name="test_delete_in_use_plan_409" time="0.094" /><testcase classname="tests.api.test_plans_licensing.TestLicenses" name="test_issue_multiple" time="0.101" /><testcase classname="tests.api.test_plans_licensing.TestLicenses" name="test_count_limit_and_bad_plan" time="0.198" /><testcase classname="tests.api.test_plans_licensing.TestLicenses" name="test_key_preview" time="0.600" /><testcase classname="tests.api.test_plans_licensing.TestLicenses" name="test_revoke_key_blocks_registration" time="0.597" /><testcase classname="tests.api.test_plans_licensing.TestRegister" name="test_register_sets_plan_and_license" time="0.667" /><testcase classname="tests.api.test_plans_licensing.TestRegister" name="test_key_reuse_and_login_taken" time="1.033" /><testcase classname="tests.api.test_plans_licensing.TestRegister" name="test_no_key_rejected" time="0.205" /><testcase classname="tests.api.test_plans_licensing.TestPlanSwitchAndAdminActions" name="test_basic_feature_disabled_then_pro_key_unlocks" time="0.949" /><testcase classname="tests.api.test_plans_licensing.TestPlanSwitchAndAdminActions" name="test_admin_set_plan" time="0.201" /><testcase classname="tests.api.test_plans_licensing.TestPlanSwitchAndAdminActions" name="test_grant_then_revoke_license" time="0.792" /><testcase classname="tests.api.test_plans_licensing.TestManualCreate" name="test_create_user_with_plan" time="0.704" /></testsuite></testsuites>