<?xml version="1.0" encoding="utf-8"?><testsuites name="pytest tests"><testsuite name="pytest" errors="0" failures="0" skipped="0" tests="6" time="1.239" timestamp="2026-09-09T21:34:43.121195+00:00" hostname="agent-env-<PREVIEW_INSTANCE>"><testcase classname="backend.tests.test_iter58_encryption" name="test_provider_on_disk_encrypted" time="0.000" /><testcase classname="backend.tests.test_iter58_encryption" name="test_provider_get" time="0.437" /><testcase classname="backend.tests.test_iter58_encryption" name="test_provider_models_live" time="0.479" /><testcase classname="backend.tests.test_iter58_encryption" name="test_storage_root_get" time="0.087" /><testcase classname="backend.tests.test_iter58_encryption" name="test_legacy_apiKey_migrated" time="0.086" /><testcase classname="backend.tests.test_iter58_encryption" name="test_cloud_browse" time="0.085" /></testsuite></testsuites>