<?xml version="1.0" encoding="utf-8"?><testsuites name="pytest tests"><testsuite name="pytest" errors="0" failures="0" skipped="0" tests="20" time="22.721" timestamp="2026-09-04T19:48:25.120584+00:00" hostname="agent-env-2d2bc0c8-5e6a-442c-a2fd-0333525b35ac"><testcase classname="tests.api.test_mail" name="test_unauth_accounts_returns_401" time="0.488" /><testcase classname="tests.api.test_mail" name="test_discover_gmail_builtin" time="0.072" /><testcase classname="tests.api.test_mail" name="test_discover_proton_bridge" time="0.064" /><testcase classname="tests.api.test_mail" name="test_discover_hotmail_oauth" time="0.073" /><testcase classname="tests.api.test_mail" name="test_discover_ethereal_srv" time="0.577" /><testcase classname="tests.api.test_mail" name="test_discover_invalid_email" time="0.067" /><testcase classname="tests.api.test_mail" name="test_ethereal_account_created" time="2.597" /><testcase classname="tests.api.test_mail" name="test_list_accounts_no_password_fields" time="0.071" /><testcase classname="tests.api.test_mail" name="test_gmail_wrong_password_not_saved" time="0.364" /><testcase classname="tests.api.test_mail" name="test_manual_config_disallowed_port" time="0.070" /><testcase classname="tests.api.test_mail" name="test_manual_config_security_none_non_loopback" time="0.067" /><testcase classname="tests.api.test_mail" name="test_reverify" time="2.357" /><testcase classname="tests.api.test_mail" name="test_rename" time="2.388" /><testcase classname="tests.api.test_mail" name="test_bad_password_kept_old" time="4.638" /><testcase classname="tests.api.test_mail" name="test_put_nonexistent" time="0.078" /><testcase classname="tests.api.test_mail" name="test_send_ok" time="3.744" /><testcase classname="tests.api.test_mail" name="test_send_empty_body" time="0.071" /><testcase classname="tests.api.test_mail" name="test_send_invalid_to" time="0.064" /><testcase classname="tests.api.test_mail" name="test_delete_and_double" time="3.689" /><testcase classname="tests.api.test_mail" name="test_zzz_rate_limit_last" time="0.991" /></testsuite></testsuites>