<?xml version="1.0" encoding="utf-8"?><testsuites name="pytest tests"><testsuite name="pytest" errors="8" failures="2" skipped="0" tests="22" time="7.684" timestamp="2026-09-06T15:07:22.652872+00:00" hostname="agent-env-740f42ae-8f7f-41f8-9cf3-18e33fd981ed"><testcase classname="tests.api.test_admin" name="test_key_preview" time="0.804" /><testcase classname="tests.api.test_admin" name="test_register_validation" time="0.877" /><testcase classname="tests.api.test_admin" name="test_registered_user_has_access" time="0.675" /><testcase classname="tests.api.test_admin" name="test_key_is_single_use" time="0.282" /><testcase classname="tests.api.test_admin" name="test_duplicate_login" time="0.189" /><testcase classname="tests.api.test_admin" name="test_upgrade_by_pro_key" time="0.449" /><testcase classname="tests.api.test_admin" name="test_admin_only" time="0.280" /><testcase classname="tests.api.test_admin" name="test_plan_crud" time="0.064"><failure message="AssertionError: {&quot;code&quot;:&quot;INVALID_ARGS&quot;,&quot;error&quot;:&quot;Некорректный набор функций&quot;}&#10;assert 400 == 200&#10; +  where 400 = &lt;Response [400]&gt;.status_code">admin = &lt;requests.sessions.Session object at 0xfb9009cc03d0&gt;

    def test_plan_crud(admin):
        body = {"name": "Team", "tagline": "pytest", "color": "blue", "days": 60, "aiDailyLimit": 20,
                "features": {"ai": True, "mcp": False, "sync": True, "secrets": True, "offline": False, "telemetry": True}}
        r = admin.post(f"{BASE}/admin/api/plans", json=body, timeout=15)
&gt;       assert r.status_code == 200, r.text
E       AssertionError: {"code":"INVALID_ARGS","error":"Некорректный набор функций"}
E       assert 400 == 200
E        +  where 400 = &lt;Response [400]&gt;.status_code

tests/api/test_admin.py:114: AssertionError</failure></testcase><testcase classname="tests.api.test_admin" name="test_set_plan_and_license_by_admin" time="0.632" /><testcase classname="tests.api.test_admin" name="test_user_isolation" time="0.341" /><testcase classname="tests.api.test_admin" name="test_feature_toggle" time="0.214"><failure message="assert (200 == 200 and True is False)&#10; +  where 200 = &lt;Response [200]&gt;.status_code">admin = &lt;requests.sessions.Session object at 0xfb9009cc03d0&gt;
user = &lt;requests.sessions.Session object at 0xfb900b37ee50&gt;

    def test_feature_toggle(admin, user):
        uid = user.get(f"{BASE}/ai-api/auth/session", timeout=15).json()["user"]["id"]
        feats = {"ai": False, "mcp": True, "sync": True, "secrets": True, "offline": True, "telemetry": True}
        r = admin.patch(f"{BASE}/admin/api/users/{uid}", json={"features": feats, "aiDailyLimit": 3}, timeout=15)
&gt;       assert r.status_code == 200 and r.json()["features"]["ai"] is False and r.json()["aiDailyLimit"] == 3
E       assert (200 == 200 and True is False)
E        +  where 200 = &lt;Response [200]&gt;.status_code

tests/api/test_admin.py:150: AssertionError</failure></testcase><testcase classname="tests.api.test_admin" name="test_admin_cannot_demote_self" time="0.199" /><testcase classname="tests.api.test_admin" name="test_reset_password_and_sessions" time="1.249" /><testcase classname="tests.api.test_admin" name="test_block_and_delete" time="0.767" /><testcase classname="tests.api.test_cloud_sharing_iter51.TestCloudShareIter51" name="test_share_binary_and_download_preserves_all_bytes" time="0.218"><error message="failed on setup with &quot;requests.exceptions.JSONDecodeError: Expecting value: line 1 column 1 (char 0)&quot;">self = &lt;Response [500]&gt;, kwargs = {}

    def json(self, **kwargs: Any) -&gt; Any:
        r"""Decodes the JSON response body (if any) as a Python object.
    
        This may return a dictionary, list, etc. depending on what is in the response.
    
        :param \*\*kwargs: Optional arguments that ``json.loads`` takes.
        :raises requests.exceptions.JSONDecodeError: If the response body does not
            contain valid json.
        """
    
        if not self.encoding and self.content and len(self.content) &gt; 3:
            # No encoding set. JSON RFC 4627 section 3 states we should expect
            # UTF-8, -16 or -32. Detect which one to use; If the detection or
            # decoding fails, fall back to `self.text` (using charset_normalizer to make
            # a best guess).
            encoding = guess_json_utf(self.content)
            if encoding is not None:
                try:
                    return complexjson.loads(self.content.decode(encoding), **kwargs)
                except UnicodeDecodeError:
                    # Wrong UTF codec detected; usually because it's not UTF-8
                    # but some other 8-bit codec.  This is an RFC violation,
                    # and the server didn't bother to tell us what codec *was*
                    # used.
                    pass
                except JSONDecodeError as e:
                    raise RequestsJSONDecodeError(e.msg, e.doc, e.pos)
    
        try:
&gt;           return complexjson.loads(self.text, **kwargs)
                   ^^^^^^^^^^^^^^^^^^^^^^^^^^^^^^^^^^^^^^

/root/.venv/lib/python3.11/site-packages/requests/models.py:1116: 
_ _ _ _ _ _ _ _ _ _ _ _ _ _ _ _ _ _ _ _ _ _ _ _ _ _ _ _ _ _ _ _ _ _ _ _ _ _ _ _ 
/usr/local/lib/python3.11/json/__init__.py:346: in loads
    return _default_decoder.decode(s)
           ^^^^^^^^^^^^^^^^^^^^^^^^^^
/usr/local/lib/python3.11/json/decoder.py:337: in decode
    obj, end = self.raw_decode(s, idx=_w(s, 0).end())
               ^^^^^^^^^^^^^^^^^^^^^^^^^^^^^^^^^^^^^^
_ _ _ _ _ _ _ _ _ _ _ _ _ _ _ _ _ _ _ _ _ _ _ _ _ _ _ _ _ _ _ _ _ _ _ _ _ _ _ _ 

self = &lt;json.decoder.JSONDecoder object at 0xfb900b6bad90&gt;, s = '', idx = 0

    def raw_decode(self, s, idx=0):
        """Decode a JSON document from ``s`` (a ``str`` beginning with
        a JSON document) and return a 2-tuple of the Python
        representation and the index in ``s`` where the document ended.
    
        This can be used to decode a JSON document from a string that may
        have extraneous data at the end.
    
        """
        try:
            obj, end = self.scan_once(s, idx)
        except StopIteration as err:
&gt;           raise JSONDecodeError("Expecting value", s, err.value) from None
E           json.decoder.JSONDecodeError: Expecting value: line 1 column 1 (char 0)

/usr/local/lib/python3.11/json/decoder.py:355: JSONDecodeError

During handling of the above exception, another exception occurred:

admin = &lt;requests.sessions.Session object at 0xfb9009ca0b10&gt;
base_url = 'https://folder-picker-ui-fix.preview.emergentagent.com'

    @pytest.fixture(scope='module', autouse=True)
    def cleanup_test_copies(admin, base_url):
&gt;       before = {f['id'] for f in admin.get(f'{base_url}/ai-api/cloud', timeout=20).json().get('files', [])}
                                   ^^^^^^^^^^^^^^^^^^^^^^^^^^^^^^^^^^^^^^^^^^^^^^^^^^^^^^^^

tests/api/test_cloud_sharing_iter51.py:134: 
_ _ _ _ _ _ _ _ _ _ _ _ _ _ _ _ _ _ _ _ _ _ _ _ _ _ _ _ _ _ _ _ _ _ _ _ _ _ _ _ 

self = &lt;Response [500]&gt;, kwargs = {}

    def json(self, **kwargs: Any) -&gt; Any:
        r"""Decodes the JSON response body (if any) as a Python object.
    
        This may return a dictionary, list, etc. depending on what is in the response.
    
        :param \*\*kwargs: Optional arguments that ``json.loads`` takes.
        :raises requests.exceptions.JSONDecodeError: If the response body does not
            contain valid json.
        """
    
        if not self.encoding and self.content and len(self.content) &gt; 3:
            # No encoding set. JSON RFC 4627 section 3 states we should expect
            # UTF-8, -16 or -32. Detect which one to use; If the detection or
            # decoding fails, fall back to `self.text` (using charset_normalizer to make
            # a best guess).
            encoding = guess_json_utf(self.content)
            if encoding is not None:
                try:
                    return complexjson.loads(self.content.decode(encoding), **kwargs)
                except UnicodeDecodeError:
                    # Wrong UTF codec detected; usually because it's not UTF-8
                    # but some other 8-bit codec.  This is an RFC violation,
                    # and the server didn't bother to tell us what codec *was*
                    # used.
                    pass
                except JSONDecodeError as e:
                    raise RequestsJSONDecodeError(e.msg, e.doc, e.pos)
    
        try:
            return complexjson.loads(self.text, **kwargs)
        except JSONDecodeError as e:
            # Catch JSON-related errors and raise as requests.JSONDecodeError
            # This aliases json.JSONDecodeError and simplejson.JSONDecodeError
&gt;           raise RequestsJSONDecodeError(e.msg, e.doc, e.pos)
E           requests.exceptions.JSONDecodeError: Expecting value: line 1 column 1 (char 0)

/root/.venv/lib/python3.11/site-packages/requests/models.py:1120: JSONDecodeError</error></testcase><testcase classname="tests.api.test_cloud_sharing_iter51.TestCloudShareIter51" name="test_share_idempotent_same_source_returns_same_cloud_id" time="0.000"><error message="failed on setup with &quot;requests.exceptions.JSONDecodeError: Expecting value: line 1 column 1 (char 0)&quot;">self = &lt;Response [500]&gt;, kwargs = {}

    def json(self, **kwargs: Any) -&gt; Any:
        r"""Decodes the JSON response body (if any) as a Python object.
    
        This may return a dictionary, list, etc. depending on what is in the response.
    
        :param \*\*kwargs: Optional arguments that ``json.loads`` takes.
        :raises requests.exceptions.JSONDecodeError: If the response body does not
            contain valid json.
        """
    
        if not self.encoding and self.content and len(self.content) &gt; 3:
            # No encoding set. JSON RFC 4627 section 3 states we should expect
            # UTF-8, -16 or -32. Detect which one to use; If the detection or
            # decoding fails, fall back to `self.text` (using charset_normalizer to make
            # a best guess).
            encoding = guess_json_utf(self.content)
            if encoding is not None:
                try:
                    return complexjson.loads(self.content.decode(encoding), **kwargs)
                except UnicodeDecodeError:
                    # Wrong UTF codec detected; usually because it's not UTF-8
                    # but some other 8-bit codec.  This is an RFC violation,
                    # and the server didn't bother to tell us what codec *was*
                    # used.
                    pass
                except JSONDecodeError as e:
                    raise RequestsJSONDecodeError(e.msg, e.doc, e.pos)
    
        try:
&gt;           return complexjson.loads(self.text, **kwargs)
                   ^^^^^^^^^^^^^^^^^^^^^^^^^^^^^^^^^^^^^^

/root/.venv/lib/python3.11/site-packages/requests/models.py:1116: 
_ _ _ _ _ _ _ _ _ _ _ _ _ _ _ _ _ _ _ _ _ _ _ _ _ _ _ _ _ _ _ _ _ _ _ _ _ _ _ _ 
/usr/local/lib/python3.11/json/__init__.py:346: in loads
    return _default_decoder.decode(s)
           ^^^^^^^^^^^^^^^^^^^^^^^^^^
/usr/local/lib/python3.11/json/decoder.py:337: in decode
    obj, end = self.raw_decode(s, idx=_w(s, 0).end())
               ^^^^^^^^^^^^^^^^^^^^^^^^^^^^^^^^^^^^^^
_ _ _ _ _ _ _ _ _ _ _ _ _ _ _ _ _ _ _ _ _ _ _ _ _ _ _ _ _ _ _ _ _ _ _ _ _ _ _ _ 

self = &lt;json.decoder.JSONDecoder object at 0xfb900b6bad90&gt;, s = '', idx = 0

    def raw_decode(self, s, idx=0):
        """Decode a JSON document from ``s`` (a ``str`` beginning with
        a JSON document) and return a 2-tuple of the Python
        representation and the index in ``s`` where the document ended.
    
        This can be used to decode a JSON document from a string that may
        have extraneous data at the end.
    
        """
        try:
            obj, end = self.scan_once(s, idx)
        except StopIteration as err:
&gt;           raise JSONDecodeError("Expecting value", s, err.value) from None
E           json.decoder.JSONDecodeError: Expecting value: line 1 column 1 (char 0)

/usr/local/lib/python3.11/json/decoder.py:355: JSONDecodeError

During handling of the above exception, another exception occurred:

admin = &lt;requests.sessions.Session object at 0xfb9009ca0b10&gt;
base_url = 'https://folder-picker-ui-fix.preview.emergentagent.com'

    @pytest.fixture(scope='module', autouse=True)
    def cleanup_test_copies(admin, base_url):
&gt;       before = {f['id'] for f in admin.get(f'{base_url}/ai-api/cloud', timeout=20).json().get('files', [])}
                                   ^^^^^^^^^^^^^^^^^^^^^^^^^^^^^^^^^^^^^^^^^^^^^^^^^^^^^^^^

tests/api/test_cloud_sharing_iter51.py:134: 
_ _ _ _ _ _ _ _ _ _ _ _ _ _ _ _ _ _ _ _ _ _ _ _ _ _ _ _ _ _ _ _ _ _ _ _ _ _ _ _ 

self = &lt;Response [500]&gt;, kwargs = {}

    def json(self, **kwargs: Any) -&gt; Any:
        r"""Decodes the JSON response body (if any) as a Python object.
    
        This may return a dictionary, list, etc. depending on what is in the response.
    
        :param \*\*kwargs: Optional arguments that ``json.loads`` takes.
        :raises requests.exceptions.JSONDecodeError: If the response body does not
            contain valid json.
        """
    
        if not self.encoding and self.content and len(self.content) &gt; 3:
            # No encoding set. JSON RFC 4627 section 3 states we should expect
            # UTF-8, -16 or -32. Detect which one to use; If the detection or
            # decoding fails, fall back to `self.text` (using charset_normalizer to make
            # a best guess).
            encoding = guess_json_utf(self.content)
            if encoding is not None:
                try:
                    return complexjson.loads(self.content.decode(encoding), **kwargs)
                except UnicodeDecodeError:
                    # Wrong UTF codec detected; usually because it's not UTF-8
                    # but some other 8-bit codec.  This is an RFC violation,
                    # and the server didn't bother to tell us what codec *was*
                    # used.
                    pass
                except JSONDecodeError as e:
                    raise RequestsJSONDecodeError(e.msg, e.doc, e.pos)
    
        try:
            return complexjson.loads(self.text, **kwargs)
        except JSONDecodeError as e:
            # Catch JSON-related errors and raise as requests.JSONDecodeError
            # This aliases json.JSONDecodeError and simplejson.JSONDecodeError
&gt;           raise RequestsJSONDecodeError(e.msg, e.doc, e.pos)
E           requests.exceptions.JSONDecodeError: Expecting value: line 1 column 1 (char 0)

/root/.venv/lib/python3.11/site-packages/requests/models.py:1120: JSONDecodeError</error></testcase><testcase classname="tests.api.test_cloud_sharing_iter51.TestCloudShareIter51" name="test_share_concurrent_same_source_single_cloud_id" time="0.000"><error message="failed on setup with &quot;requests.exceptions.JSONDecodeError: Expecting value: line 1 column 1 (char 0)&quot;">self = &lt;Response [500]&gt;, kwargs = {}

    def json(self, **kwargs: Any) -&gt; Any:
        r"""Decodes the JSON response body (if any) as a Python object.
    
        This may return a dictionary, list, etc. depending on what is in the response.
    
        :param \*\*kwargs: Optional arguments that ``json.loads`` takes.
        :raises requests.exceptions.JSONDecodeError: If the response body does not
            contain valid json.
        """
    
        if not self.encoding and self.content and len(self.content) &gt; 3:
            # No encoding set. JSON RFC 4627 section 3 states we should expect
            # UTF-8, -16 or -32. Detect which one to use; If the detection or
            # decoding fails, fall back to `self.text` (using charset_normalizer to make
            # a best guess).
            encoding = guess_json_utf(self.content)
            if encoding is not None:
                try:
                    return complexjson.loads(self.content.decode(encoding), **kwargs)
                except UnicodeDecodeError:
                    # Wrong UTF codec detected; usually because it's not UTF-8
                    # but some other 8-bit codec.  This is an RFC violation,
                    # and the server didn't bother to tell us what codec *was*
                    # used.
                    pass
                except JSONDecodeError as e:
                    raise RequestsJSONDecodeError(e.msg, e.doc, e.pos)
    
        try:
&gt;           return complexjson.loads(self.text, **kwargs)
                   ^^^^^^^^^^^^^^^^^^^^^^^^^^^^^^^^^^^^^^

/root/.venv/lib/python3.11/site-packages/requests/models.py:1116: 
_ _ _ _ _ _ _ _ _ _ _ _ _ _ _ _ _ _ _ _ _ _ _ _ _ _ _ _ _ _ _ _ _ _ _ _ _ _ _ _ 
/usr/local/lib/python3.11/json/__init__.py:346: in loads
    return _default_decoder.decode(s)
           ^^^^^^^^^^^^^^^^^^^^^^^^^^
/usr/local/lib/python3.11/json/decoder.py:337: in decode
    obj, end = self.raw_decode(s, idx=_w(s, 0).end())
               ^^^^^^^^^^^^^^^^^^^^^^^^^^^^^^^^^^^^^^
_ _ _ _ _ _ _ _ _ _ _ _ _ _ _ _ _ _ _ _ _ _ _ _ _ _ _ _ _ _ _ _ _ _ _ _ _ _ _ _ 

self = &lt;json.decoder.JSONDecoder object at 0xfb900b6bad90&gt;, s = '', idx = 0

    def raw_decode(self, s, idx=0):
        """Decode a JSON document from ``s`` (a ``str`` beginning with
        a JSON document) and return a 2-tuple of the Python
        representation and the index in ``s`` where the document ended.
    
        This can be used to decode a JSON document from a string that may
        have extraneous data at the end.
    
        """
        try:
            obj, end = self.scan_once(s, idx)
        except StopIteration as err:
&gt;           raise JSONDecodeError("Expecting value", s, err.value) from None
E           json.decoder.JSONDecodeError: Expecting value: line 1 column 1 (char 0)

/usr/local/lib/python3.11/json/decoder.py:355: JSONDecodeError

During handling of the above exception, another exception occurred:

admin = &lt;requests.sessions.Session object at 0xfb9009ca0b10&gt;
base_url = 'https://folder-picker-ui-fix.preview.emergentagent.com'

    @pytest.fixture(scope='module', autouse=True)
    def cleanup_test_copies(admin, base_url):
&gt;       before = {f['id'] for f in admin.get(f'{base_url}/ai-api/cloud', timeout=20).json().get('files', [])}
                                   ^^^^^^^^^^^^^^^^^^^^^^^^^^^^^^^^^^^^^^^^^^^^^^^^^^^^^^^^

tests/api/test_cloud_sharing_iter51.py:134: 
_ _ _ _ _ _ _ _ _ _ _ _ _ _ _ _ _ _ _ _ _ _ _ _ _ _ _ _ _ _ _ _ _ _ _ _ _ _ _ _ 

self = &lt;Response [500]&gt;, kwargs = {}

    def json(self, **kwargs: Any) -&gt; Any:
        r"""Decodes the JSON response body (if any) as a Python object.
    
        This may return a dictionary, list, etc. depending on what is in the response.
    
        :param \*\*kwargs: Optional arguments that ``json.loads`` takes.
        :raises requests.exceptions.JSONDecodeError: If the response body does not
            contain valid json.
        """
    
        if not self.encoding and self.content and len(self.content) &gt; 3:
            # No encoding set. JSON RFC 4627 section 3 states we should expect
            # UTF-8, -16 or -32. Detect which one to use; If the detection or
            # decoding fails, fall back to `self.text` (using charset_normalizer to make
            # a best guess).
            encoding = guess_json_utf(self.content)
            if encoding is not None:
                try:
                    return complexjson.loads(self.content.decode(encoding), **kwargs)
                except UnicodeDecodeError:
                    # Wrong UTF codec detected; usually because it's not UTF-8
                    # but some other 8-bit codec.  This is an RFC violation,
                    # and the server didn't bother to tell us what codec *was*
                    # used.
                    pass
                except JSONDecodeError as e:
                    raise RequestsJSONDecodeError(e.msg, e.doc, e.pos)
    
        try:
            return complexjson.loads(self.text, **kwargs)
        except JSONDecodeError as e:
            # Catch JSON-related errors and raise as requests.JSONDecodeError
            # This aliases json.JSONDecodeError and simplejson.JSONDecodeError
&gt;           raise RequestsJSONDecodeError(e.msg, e.doc, e.pos)
E           requests.exceptions.JSONDecodeError: Expecting value: line 1 column 1 (char 0)

/root/.venv/lib/python3.11/site-packages/requests/models.py:1120: JSONDecodeError</error></testcase><testcase classname="tests.api.test_cloud_sharing_iter51.TestCloudShareIter51" name="test_share_note_snapshot_and_download_json" time="0.000"><error message="failed on setup with &quot;requests.exceptions.JSONDecodeError: Expecting value: line 1 column 1 (char 0)&quot;">self = &lt;Response [500]&gt;, kwargs = {}

    def json(self, **kwargs: Any) -&gt; Any:
        r"""Decodes the JSON response body (if any) as a Python object.
    
        This may return a dictionary, list, etc. depending on what is in the response.
    
        :param \*\*kwargs: Optional arguments that ``json.loads`` takes.
        :raises requests.exceptions.JSONDecodeError: If the response body does not
            contain valid json.
        """
    
        if not self.encoding and self.content and len(self.content) &gt; 3:
            # No encoding set. JSON RFC 4627 section 3 states we should expect
            # UTF-8, -16 or -32. Detect which one to use; If the detection or
            # decoding fails, fall back to `self.text` (using charset_normalizer to make
            # a best guess).
            encoding = guess_json_utf(self.content)
            if encoding is not None:
                try:
                    return complexjson.loads(self.content.decode(encoding), **kwargs)
                except UnicodeDecodeError:
                    # Wrong UTF codec detected; usually because it's not UTF-8
                    # but some other 8-bit codec.  This is an RFC violation,
                    # and the server didn't bother to tell us what codec *was*
                    # used.
                    pass
                except JSONDecodeError as e:
                    raise RequestsJSONDecodeError(e.msg, e.doc, e.pos)
    
        try:
&gt;           return complexjson.loads(self.text, **kwargs)
                   ^^^^^^^^^^^^^^^^^^^^^^^^^^^^^^^^^^^^^^

/root/.venv/lib/python3.11/site-packages/requests/models.py:1116: 
_ _ _ _ _ _ _ _ _ _ _ _ _ _ _ _ _ _ _ _ _ _ _ _ _ _ _ _ _ _ _ _ _ _ _ _ _ _ _ _ 
/usr/local/lib/python3.11/json/__init__.py:346: in loads
    return _default_decoder.decode(s)
           ^^^^^^^^^^^^^^^^^^^^^^^^^^
/usr/local/lib/python3.11/json/decoder.py:337: in decode
    obj, end = self.raw_decode(s, idx=_w(s, 0).end())
               ^^^^^^^^^^^^^^^^^^^^^^^^^^^^^^^^^^^^^^
_ _ _ _ _ _ _ _ _ _ _ _ _ _ _ _ _ _ _ _ _ _ _ _ _ _ _ _ _ _ _ _ _ _ _ _ _ _ _ _ 

self = &lt;json.decoder.JSONDecoder object at 0xfb900b6bad90&gt;, s = '', idx = 0

    def raw_decode(self, s, idx=0):
        """Decode a JSON document from ``s`` (a ``str`` beginning with
        a JSON document) and return a 2-tuple of the Python
        representation and the index in ``s`` where the document ended.
    
        This can be used to decode a JSON document from a string that may
        have extraneous data at the end.
    
        """
        try:
            obj, end = self.scan_once(s, idx)
        except StopIteration as err:
&gt;           raise JSONDecodeError("Expecting value", s, err.value) from None
E           json.decoder.JSONDecodeError: Expecting value: line 1 column 1 (char 0)

/usr/local/lib/python3.11/json/decoder.py:355: JSONDecodeError

During handling of the above exception, another exception occurred:

admin = &lt;requests.sessions.Session object at 0xfb9009ca0b10&gt;
base_url = 'https://folder-picker-ui-fix.preview.emergentagent.com'

    @pytest.fixture(scope='module', autouse=True)
    def cleanup_test_copies(admin, base_url):
&gt;       before = {f['id'] for f in admin.get(f'{base_url}/ai-api/cloud', timeout=20).json().get('files', [])}
                                   ^^^^^^^^^^^^^^^^^^^^^^^^^^^^^^^^^^^^^^^^^^^^^^^^^^^^^^^^

tests/api/test_cloud_sharing_iter51.py:134: 
_ _ _ _ _ _ _ _ _ _ _ _ _ _ _ _ _ _ _ _ _ _ _ _ _ _ _ _ _ _ _ _ _ _ _ _ _ _ _ _ 

self = &lt;Response [500]&gt;, kwargs = {}

    def json(self, **kwargs: Any) -&gt; Any:
        r"""Decodes the JSON response body (if any) as a Python object.
    
        This may return a dictionary, list, etc. depending on what is in the response.
    
        :param \*\*kwargs: Optional arguments that ``json.loads`` takes.
        :raises requests.exceptions.JSONDecodeError: If the response body does not
            contain valid json.
        """
    
        if not self.encoding and self.content and len(self.content) &gt; 3:
            # No encoding set. JSON RFC 4627 section 3 states we should expect
            # UTF-8, -16 or -32. Detect which one to use; If the detection or
            # decoding fails, fall back to `self.text` (using charset_normalizer to make
            # a best guess).
            encoding = guess_json_utf(self.content)
            if encoding is not None:
                try:
                    return complexjson.loads(self.content.decode(encoding), **kwargs)
                except UnicodeDecodeError:
                    # Wrong UTF codec detected; usually because it's not UTF-8
                    # but some other 8-bit codec.  This is an RFC violation,
                    # and the server didn't bother to tell us what codec *was*
                    # used.
                    pass
                except JSONDecodeError as e:
                    raise RequestsJSONDecodeError(e.msg, e.doc, e.pos)
    
        try:
            return complexjson.loads(self.text, **kwargs)
        except JSONDecodeError as e:
            # Catch JSON-related errors and raise as requests.JSONDecodeError
            # This aliases json.JSONDecodeError and simplejson.JSONDecodeError
&gt;           raise RequestsJSONDecodeError(e.msg, e.doc, e.pos)
E           requests.exceptions.JSONDecodeError: Expecting value: line 1 column 1 (char 0)

/root/.venv/lib/python3.11/site-packages/requests/models.py:1120: JSONDecodeError</error></testcase><testcase classname="tests.api.test_cloud_sharing_iter51.TestCloudShareIter51" name="test_soft_delete_then_republish_creates_new_copy" time="0.000"><error message="failed on setup with &quot;requests.exceptions.JSONDecodeError: Expecting value: line 1 column 1 (char 0)&quot;">self = &lt;Response [500]&gt;, kwargs = {}

    def json(self, **kwargs: Any) -&gt; Any:
        r"""Decodes the JSON response body (if any) as a Python object.
    
        This may return a dictionary, list, etc. depending on what is in the response.
    
        :param \*\*kwargs: Optional arguments that ``json.loads`` takes.
        :raises requests.exceptions.JSONDecodeError: If the response body does not
            contain valid json.
        """
    
        if not self.encoding and self.content and len(self.content) &gt; 3:
            # No encoding set. JSON RFC 4627 section 3 states we should expect
            # UTF-8, -16 or -32. Detect which one to use; If the detection or
            # decoding fails, fall back to `self.text` (using charset_normalizer to make
            # a best guess).
            encoding = guess_json_utf(self.content)
            if encoding is not None:
                try:
                    return complexjson.loads(self.content.decode(encoding), **kwargs)
                except UnicodeDecodeError:
                    # Wrong UTF codec detected; usually because it's not UTF-8
                    # but some other 8-bit codec.  This is an RFC violation,
                    # and the server didn't bother to tell us what codec *was*
                    # used.
                    pass
                except JSONDecodeError as e:
                    raise RequestsJSONDecodeError(e.msg, e.doc, e.pos)
    
        try:
&gt;           return complexjson.loads(self.text, **kwargs)
                   ^^^^^^^^^^^^^^^^^^^^^^^^^^^^^^^^^^^^^^

/root/.venv/lib/python3.11/site-packages/requests/models.py:1116: 
_ _ _ _ _ _ _ _ _ _ _ _ _ _ _ _ _ _ _ _ _ _ _ _ _ _ _ _ _ _ _ _ _ _ _ _ _ _ _ _ 
/usr/local/lib/python3.11/json/__init__.py:346: in loads
    return _default_decoder.decode(s)
           ^^^^^^^^^^^^^^^^^^^^^^^^^^
/usr/local/lib/python3.11/json/decoder.py:337: in decode
    obj, end = self.raw_decode(s, idx=_w(s, 0).end())
               ^^^^^^^^^^^^^^^^^^^^^^^^^^^^^^^^^^^^^^
_ _ _ _ _ _ _ _ _ _ _ _ _ _ _ _ _ _ _ _ _ _ _ _ _ _ _ _ _ _ _ _ _ _ _ _ _ _ _ _ 

self = &lt;json.decoder.JSONDecoder object at 0xfb900b6bad90&gt;, s = '', idx = 0

    def raw_decode(self, s, idx=0):
        """Decode a JSON document from ``s`` (a ``str`` beginning with
        a JSON document) and return a 2-tuple of the Python
        representation and the index in ``s`` where the document ended.
    
        This can be used to decode a JSON document from a string that may
        have extraneous data at the end.
    
        """
        try:
            obj, end = self.scan_once(s, idx)
        except StopIteration as err:
&gt;           raise JSONDecodeError("Expecting value", s, err.value) from None
E           json.decoder.JSONDecodeError: Expecting value: line 1 column 1 (char 0)

/usr/local/lib/python3.11/json/decoder.py:355: JSONDecodeError

During handling of the above exception, another exception occurred:

admin = &lt;requests.sessions.Session object at 0xfb9009ca0b10&gt;
base_url = 'https://folder-picker-ui-fix.preview.emergentagent.com'

    @pytest.fixture(scope='module', autouse=True)
    def cleanup_test_copies(admin, base_url):
&gt;       before = {f['id'] for f in admin.get(f'{base_url}/ai-api/cloud', timeout=20).json().get('files', [])}
                                   ^^^^^^^^^^^^^^^^^^^^^^^^^^^^^^^^^^^^^^^^^^^^^^^^^^^^^^^^

tests/api/test_cloud_sharing_iter51.py:134: 
_ _ _ _ _ _ _ _ _ _ _ _ _ _ _ _ _ _ _ _ _ _ _ _ _ _ _ _ _ _ _ _ _ _ _ _ _ _ _ _ 

self = &lt;Response [500]&gt;, kwargs = {}

    def json(self, **kwargs: Any) -&gt; Any:
        r"""Decodes the JSON response body (if any) as a Python object.
    
        This may return a dictionary, list, etc. depending on what is in the response.
    
        :param \*\*kwargs: Optional arguments that ``json.loads`` takes.
        :raises requests.exceptions.JSONDecodeError: If the response body does not
            contain valid json.
        """
    
        if not self.encoding and self.content and len(self.content) &gt; 3:
            # No encoding set. JSON RFC 4627 section 3 states we should expect
            # UTF-8, -16 or -32. Detect which one to use; If the detection or
            # decoding fails, fall back to `self.text` (using charset_normalizer to make
            # a best guess).
            encoding = guess_json_utf(self.content)
            if encoding is not None:
                try:
                    return complexjson.loads(self.content.decode(encoding), **kwargs)
                except UnicodeDecodeError:
                    # Wrong UTF codec detected; usually because it's not UTF-8
                    # but some other 8-bit codec.  This is an RFC violation,
                    # and the server didn't bother to tell us what codec *was*
                    # used.
                    pass
                except JSONDecodeError as e:
                    raise RequestsJSONDecodeError(e.msg, e.doc, e.pos)
    
        try:
            return complexjson.loads(self.text, **kwargs)
        except JSONDecodeError as e:
            # Catch JSON-related errors and raise as requests.JSONDecodeError
            # This aliases json.JSONDecodeError and simplejson.JSONDecodeError
&gt;           raise RequestsJSONDecodeError(e.msg, e.doc, e.pos)
E           requests.exceptions.JSONDecodeError: Expecting value: line 1 column 1 (char 0)

/root/.venv/lib/python3.11/site-packages/requests/models.py:1120: JSONDecodeError</error></testcase><testcase classname="tests.api.test_cloud_sharing_iter51.TestCloudShareIter51" name="test_upload_rename_delete_routes_still_work" time="0.000"><error message="failed on setup with &quot;requests.exceptions.JSONDecodeError: Expecting value: line 1 column 1 (char 0)&quot;">self = &lt;Response [500]&gt;, kwargs = {}

    def json(self, **kwargs: Any) -&gt; Any:
        r"""Decodes the JSON response body (if any) as a Python object.
    
        This may return a dictionary, list, etc. depending on what is in the response.
    
        :param \*\*kwargs: Optional arguments that ``json.loads`` takes.
        :raises requests.exceptions.JSONDecodeError: If the response body does not
            contain valid json.
        """
    
        if not self.encoding and self.content and len(self.content) &gt; 3:
            # No encoding set. JSON RFC 4627 section 3 states we should expect
            # UTF-8, -16 or -32. Detect which one to use; If the detection or
            # decoding fails, fall back to `self.text` (using charset_normalizer to make
            # a best guess).
            encoding = guess_json_utf(self.content)
            if encoding is not None:
                try:
                    return complexjson.loads(self.content.decode(encoding), **kwargs)
                except UnicodeDecodeError:
                    # Wrong UTF codec detected; usually because it's not UTF-8
                    # but some other 8-bit codec.  This is an RFC violation,
                    # and the server didn't bother to tell us what codec *was*
                    # used.
                    pass
                except JSONDecodeError as e:
                    raise RequestsJSONDecodeError(e.msg, e.doc, e.pos)
    
        try:
&gt;           return complexjson.loads(self.text, **kwargs)
                   ^^^^^^^^^^^^^^^^^^^^^^^^^^^^^^^^^^^^^^

/root/.venv/lib/python3.11/site-packages/requests/models.py:1116: 
_ _ _ _ _ _ _ _ _ _ _ _ _ _ _ _ _ _ _ _ _ _ _ _ _ _ _ _ _ _ _ _ _ _ _ _ _ _ _ _ 
/usr/local/lib/python3.11/json/__init__.py:346: in loads
    return _default_decoder.decode(s)
           ^^^^^^^^^^^^^^^^^^^^^^^^^^
/usr/local/lib/python3.11/json/decoder.py:337: in decode
    obj, end = self.raw_decode(s, idx=_w(s, 0).end())
               ^^^^^^^^^^^^^^^^^^^^^^^^^^^^^^^^^^^^^^
_ _ _ _ _ _ _ _ _ _ _ _ _ _ _ _ _ _ _ _ _ _ _ _ _ _ _ _ _ _ _ _ _ _ _ _ _ _ _ _ 

self = &lt;json.decoder.JSONDecoder object at 0xfb900b6bad90&gt;, s = '', idx = 0

    def raw_decode(self, s, idx=0):
        """Decode a JSON document from ``s`` (a ``str`` beginning with
        a JSON document) and return a 2-tuple of the Python
        representation and the index in ``s`` where the document ended.
    
        This can be used to decode a JSON document from a string that may
        have extraneous data at the end.
    
        """
        try:
            obj, end = self.scan_once(s, idx)
        except StopIteration as err:
&gt;           raise JSONDecodeError("Expecting value", s, err.value) from None
E           json.decoder.JSONDecodeError: Expecting value: line 1 column 1 (char 0)

/usr/local/lib/python3.11/json/decoder.py:355: JSONDecodeError

During handling of the above exception, another exception occurred:

admin = &lt;requests.sessions.Session object at 0xfb9009ca0b10&gt;
base_url = 'https://folder-picker-ui-fix.preview.emergentagent.com'

    @pytest.fixture(scope='module', autouse=True)
    def cleanup_test_copies(admin, base_url):
&gt;       before = {f['id'] for f in admin.get(f'{base_url}/ai-api/cloud', timeout=20).json().get('files', [])}
                                   ^^^^^^^^^^^^^^^^^^^^^^^^^^^^^^^^^^^^^^^^^^^^^^^^^^^^^^^^

tests/api/test_cloud_sharing_iter51.py:134: 
_ _ _ _ _ _ _ _ _ _ _ _ _ _ _ _ _ _ _ _ _ _ _ _ _ _ _ _ _ _ _ _ _ _ _ _ _ _ _ _ 

self = &lt;Response [500]&gt;, kwargs = {}

    def json(self, **kwargs: Any) -&gt; Any:
        r"""Decodes the JSON response body (if any) as a Python object.
    
        This may return a dictionary, list, etc. depending on what is in the response.
    
        :param \*\*kwargs: Optional arguments that ``json.loads`` takes.
        :raises requests.exceptions.JSONDecodeError: If the response body does not
            contain valid json.
        """
    
        if not self.encoding and self.content and len(self.content) &gt; 3:
            # No encoding set. JSON RFC 4627 section 3 states we should expect
            # UTF-8, -16 or -32. Detect which one to use; If the detection or
            # decoding fails, fall back to `self.text` (using charset_normalizer to make
            # a best guess).
            encoding = guess_json_utf(self.content)
            if encoding is not None:
                try:
                    return complexjson.loads(self.content.decode(encoding), **kwargs)
                except UnicodeDecodeError:
                    # Wrong UTF codec detected; usually because it's not UTF-8
                    # but some other 8-bit codec.  This is an RFC violation,
                    # and the server didn't bother to tell us what codec *was*
                    # used.
                    pass
                except JSONDecodeError as e:
                    raise RequestsJSONDecodeError(e.msg, e.doc, e.pos)
    
        try:
            return complexjson.loads(self.text, **kwargs)
        except JSONDecodeError as e:
            # Catch JSON-related errors and raise as requests.JSONDecodeError
            # This aliases json.JSONDecodeError and simplejson.JSONDecodeError
&gt;           raise RequestsJSONDecodeError(e.msg, e.doc, e.pos)
E           requests.exceptions.JSONDecodeError: Expecting value: line 1 column 1 (char 0)

/root/.venv/lib/python3.11/site-packages/requests/models.py:1120: JSONDecodeError</error></testcase><testcase classname="tests.api.test_cloud_sharing_iter51.TestCloudShareIter51" name="test_drive_view_hides_path_and_hides_other_owner_source" time="0.000"><error message="failed on setup with &quot;requests.exceptions.JSONDecodeError: Expecting value: line 1 column 1 (char 0)&quot;">self = &lt;Response [500]&gt;, kwargs = {}

    def json(self, **kwargs: Any) -&gt; Any:
        r"""Decodes the JSON response body (if any) as a Python object.
    
        This may return a dictionary, list, etc. depending on what is in the response.
    
        :param \*\*kwargs: Optional arguments that ``json.loads`` takes.
        :raises requests.exceptions.JSONDecodeError: If the response body does not
            contain valid json.
        """
    
        if not self.encoding and self.content and len(self.content) &gt; 3:
            # No encoding set. JSON RFC 4627 section 3 states we should expect
            # UTF-8, -16 or -32. Detect which one to use; If the detection or
            # decoding fails, fall back to `self.text` (using charset_normalizer to make
            # a best guess).
            encoding = guess_json_utf(self.content)
            if encoding is not None:
                try:
                    return complexjson.loads(self.content.decode(encoding), **kwargs)
                except UnicodeDecodeError:
                    # Wrong UTF codec detected; usually because it's not UTF-8
                    # but some other 8-bit codec.  This is an RFC violation,
                    # and the server didn't bother to tell us what codec *was*
                    # used.
                    pass
                except JSONDecodeError as e:
                    raise RequestsJSONDecodeError(e.msg, e.doc, e.pos)
    
        try:
&gt;           return complexjson.loads(self.text, **kwargs)
                   ^^^^^^^^^^^^^^^^^^^^^^^^^^^^^^^^^^^^^^

/root/.venv/lib/python3.11/site-packages/requests/models.py:1116: 
_ _ _ _ _ _ _ _ _ _ _ _ _ _ _ _ _ _ _ _ _ _ _ _ _ _ _ _ _ _ _ _ _ _ _ _ _ _ _ _ 
/usr/local/lib/python3.11/json/__init__.py:346: in loads
    return _default_decoder.decode(s)
           ^^^^^^^^^^^^^^^^^^^^^^^^^^
/usr/local/lib/python3.11/json/decoder.py:337: in decode
    obj, end = self.raw_decode(s, idx=_w(s, 0).end())
               ^^^^^^^^^^^^^^^^^^^^^^^^^^^^^^^^^^^^^^
_ _ _ _ _ _ _ _ _ _ _ _ _ _ _ _ _ _ _ _ _ _ _ _ _ _ _ _ _ _ _ _ _ _ _ _ _ _ _ _ 

self = &lt;json.decoder.JSONDecoder object at 0xfb900b6bad90&gt;, s = '', idx = 0

    def raw_decode(self, s, idx=0):
        """Decode a JSON document from ``s`` (a ``str`` beginning with
        a JSON document) and return a 2-tuple of the Python
        representation and the index in ``s`` where the document ended.
    
        This can be used to decode a JSON document from a string that may
        have extraneous data at the end.
    
        """
        try:
            obj, end = self.scan_once(s, idx)
        except StopIteration as err:
&gt;           raise JSONDecodeError("Expecting value", s, err.value) from None
E           json.decoder.JSONDecodeError: Expecting value: line 1 column 1 (char 0)

/usr/local/lib/python3.11/json/decoder.py:355: JSONDecodeError

During handling of the above exception, another exception occurred:

admin = &lt;requests.sessions.Session object at 0xfb9009ca0b10&gt;
base_url = 'https://folder-picker-ui-fix.preview.emergentagent.com'

    @pytest.fixture(scope='module', autouse=True)
    def cleanup_test_copies(admin, base_url):
&gt;       before = {f['id'] for f in admin.get(f'{base_url}/ai-api/cloud', timeout=20).json().get('files', [])}
                                   ^^^^^^^^^^^^^^^^^^^^^^^^^^^^^^^^^^^^^^^^^^^^^^^^^^^^^^^^

tests/api/test_cloud_sharing_iter51.py:134: 
_ _ _ _ _ _ _ _ _ _ _ _ _ _ _ _ _ _ _ _ _ _ _ _ _ _ _ _ _ _ _ _ _ _ _ _ _ _ _ _ 

self = &lt;Response [500]&gt;, kwargs = {}

    def json(self, **kwargs: Any) -&gt; Any:
        r"""Decodes the JSON response body (if any) as a Python object.
    
        This may return a dictionary, list, etc. depending on what is in the response.
    
        :param \*\*kwargs: Optional arguments that ``json.loads`` takes.
        :raises requests.exceptions.JSONDecodeError: If the response body does not
            contain valid json.
        """
    
        if not self.encoding and self.content and len(self.content) &gt; 3:
            # No encoding set. JSON RFC 4627 section 3 states we should expect
            # UTF-8, -16 or -32. Detect which one to use; If the detection or
            # decoding fails, fall back to `self.text` (using charset_normalizer to make
            # a best guess).
            encoding = guess_json_utf(self.content)
            if encoding is not None:
                try:
                    return complexjson.loads(self.content.decode(encoding), **kwargs)
                except UnicodeDecodeError:
                    # Wrong UTF codec detected; usually because it's not UTF-8
                    # but some other 8-bit codec.  This is an RFC violation,
                    # and the server didn't bother to tell us what codec *was*
                    # used.
                    pass
                except JSONDecodeError as e:
                    raise RequestsJSONDecodeError(e.msg, e.doc, e.pos)
    
        try:
            return complexjson.loads(self.text, **kwargs)
        except JSONDecodeError as e:
            # Catch JSON-related errors and raise as requests.JSONDecodeError
            # This aliases json.JSONDecodeError and simplejson.JSONDecodeError
&gt;           raise RequestsJSONDecodeError(e.msg, e.doc, e.pos)
E           requests.exceptions.JSONDecodeError: Expecting value: line 1 column 1 (char 0)

/root/.venv/lib/python3.11/site-packages/requests/models.py:1120: JSONDecodeError</error></testcase><testcase classname="tests.api.test_cloud_sharing_iter51.TestCloudShareIter51" name="test_permissions_member_nonmember_and_unauth" time="0.000"><error message="failed on setup with &quot;requests.exceptions.JSONDecodeError: Expecting value: line 1 column 1 (char 0)&quot;">self = &lt;Response [500]&gt;, kwargs = {}

    def json(self, **kwargs: Any) -&gt; Any:
        r"""Decodes the JSON response body (if any) as a Python object.
    
        This may return a dictionary, list, etc. depending on what is in the response.
    
        :param \*\*kwargs: Optional arguments that ``json.loads`` takes.
        :raises requests.exceptions.JSONDecodeError: If the response body does not
            contain valid json.
        """
    
        if not self.encoding and self.content and len(self.content) &gt; 3:
            # No encoding set. JSON RFC 4627 section 3 states we should expect
            # UTF-8, -16 or -32. Detect which one to use; If the detection or
            # decoding fails, fall back to `self.text` (using charset_normalizer to make
            # a best guess).
            encoding = guess_json_utf(self.content)
            if encoding is not None:
                try:
                    return complexjson.loads(self.content.decode(encoding), **kwargs)
                except UnicodeDecodeError:
                    # Wrong UTF codec detected; usually because it's not UTF-8
                    # but some other 8-bit codec.  This is an RFC violation,
                    # and the server didn't bother to tell us what codec *was*
                    # used.
                    pass
                except JSONDecodeError as e:
                    raise RequestsJSONDecodeError(e.msg, e.doc, e.pos)
    
        try:
&gt;           return complexjson.loads(self.text, **kwargs)
                   ^^^^^^^^^^^^^^^^^^^^^^^^^^^^^^^^^^^^^^

/root/.venv/lib/python3.11/site-packages/requests/models.py:1116: 
_ _ _ _ _ _ _ _ _ _ _ _ _ _ _ _ _ _ _ _ _ _ _ _ _ _ _ _ _ _ _ _ _ _ _ _ _ _ _ _ 
/usr/local/lib/python3.11/json/__init__.py:346: in loads
    return _default_decoder.decode(s)
           ^^^^^^^^^^^^^^^^^^^^^^^^^^
/usr/local/lib/python3.11/json/decoder.py:337: in decode
    obj, end = self.raw_decode(s, idx=_w(s, 0).end())
               ^^^^^^^^^^^^^^^^^^^^^^^^^^^^^^^^^^^^^^
_ _ _ _ _ _ _ _ _ _ _ _ _ _ _ _ _ _ _ _ _ _ _ _ _ _ _ _ _ _ _ _ _ _ _ _ _ _ _ _ 

self = &lt;json.decoder.JSONDecoder object at 0xfb900b6bad90&gt;, s = '', idx = 0

    def raw_decode(self, s, idx=0):
        """Decode a JSON document from ``s`` (a ``str`` beginning with
        a JSON document) and return a 2-tuple of the Python
        representation and the index in ``s`` where the document ended.
    
        This can be used to decode a JSON document from a string that may
        have extraneous data at the end.
    
        """
        try:
            obj, end = self.scan_once(s, idx)
        except StopIteration as err:
&gt;           raise JSONDecodeError("Expecting value", s, err.value) from None
E           json.decoder.JSONDecodeError: Expecting value: line 1 column 1 (char 0)

/usr/local/lib/python3.11/json/decoder.py:355: JSONDecodeError

During handling of the above exception, another exception occurred:

admin = &lt;requests.sessions.Session object at 0xfb9009ca0b10&gt;
base_url = 'https://folder-picker-ui-fix.preview.emergentagent.com'

    @pytest.fixture(scope='module', autouse=True)
    def cleanup_test_copies(admin, base_url):
&gt;       before = {f['id'] for f in admin.get(f'{base_url}/ai-api/cloud', timeout=20).json().get('files', [])}
                                   ^^^^^^^^^^^^^^^^^^^^^^^^^^^^^^^^^^^^^^^^^^^^^^^^^^^^^^^^

tests/api/test_cloud_sharing_iter51.py:134: 
_ _ _ _ _ _ _ _ _ _ _ _ _ _ _ _ _ _ _ _ _ _ _ _ _ _ _ _ _ _ _ _ _ _ _ _ _ _ _ _ 

self = &lt;Response [500]&gt;, kwargs = {}

    def json(self, **kwargs: Any) -&gt; Any:
        r"""Decodes the JSON response body (if any) as a Python object.
    
        This may return a dictionary, list, etc. depending on what is in the response.
    
        :param \*\*kwargs: Optional arguments that ``json.loads`` takes.
        :raises requests.exceptions.JSONDecodeError: If the response body does not
            contain valid json.
        """
    
        if not self.encoding and self.content and len(self.content) &gt; 3:
            # No encoding set. JSON RFC 4627 section 3 states we should expect
            # UTF-8, -16 or -32. Detect which one to use; If the detection or
            # decoding fails, fall back to `self.text` (using charset_normalizer to make
            # a best guess).
            encoding = guess_json_utf(self.content)
            if encoding is not None:
                try:
                    return complexjson.loads(self.content.decode(encoding), **kwargs)
                except UnicodeDecodeError:
                    # Wrong UTF codec detected; usually because it's not UTF-8
                    # but some other 8-bit codec.  This is an RFC violation,
                    # and the server didn't bother to tell us what codec *was*
                    # used.
                    pass
                except JSONDecodeError as e:
                    raise RequestsJSONDecodeError(e.msg, e.doc, e.pos)
    
        try:
            return complexjson.loads(self.text, **kwargs)
        except JSONDecodeError as e:
            # Catch JSON-related errors and raise as requests.JSONDecodeError
            # This aliases json.JSONDecodeError and simplejson.JSONDecodeError
&gt;           raise RequestsJSONDecodeError(e.msg, e.doc, e.pos)
E           requests.exceptions.JSONDecodeError: Expecting value: line 1 column 1 (char 0)

/root/.venv/lib/python3.11/site-packages/requests/models.py:1120: JSONDecodeError</error></testcase></testsuite></testsuites>