<?xml version="1.0" encoding="utf-8"?><testsuites name="pytest tests"><testsuite name="pytest" errors="0" failures="0" skipped="0" tests="8" time="7.031" timestamp="2026-09-06T11:59:38.927276+00:00" hostname="agent-env-43567888-13e5-4588-a28a-f9474d32fa64"><testcase classname="tests.api.test_cloud_sharing_iter51.TestCloudShareIter51" name="test_share_binary_and_download_preserves_all_bytes" time="1.987" /><testcase classname="tests.api.test_cloud_sharing_iter51.TestCloudShareIter51" name="test_share_idempotent_same_source_returns_same_cloud_id" time="0.080" /><testcase classname="tests.api.test_cloud_sharing_iter51.TestCloudShareIter51" name="test_share_concurrent_same_source_single_cloud_id" time="0.875" /><testcase classname="tests.api.test_cloud_sharing_iter51.TestCloudShareIter51" name="test_share_note_snapshot_and_download_json" time="0.325" /><testcase classname="tests.api.test_cloud_sharing_iter51.TestCloudShareIter51" name="test_soft_delete_then_republish_creates_new_copy" time="0.419" /><testcase classname="tests.api.test_cloud_sharing_iter51.TestCloudShareIter51" name="test_upload_rename_delete_routes_still_work" time="0.442" /><testcase classname="tests.api.test_cloud_sharing_iter51.TestCloudShareIter51" name="test_drive_view_hides_path_and_hides_other_owner_source" time="1.463" /><testcase classname="tests.api.test_cloud_sharing_iter51.TestCloudShareIter51" name="test_permissions_member_nonmember_and_unauth" time="1.233" /></testsuite></testsuites>