<?xml version="1.0" encoding="utf-8"?><testsuites name="pytest tests"><testsuite name="pytest" errors="0" failures="0" skipped="0" tests="12" time="3.840" timestamp="2026-09-03T23:12:32.270187+00:00" hostname="agent-env-9ca0645f-c37c-435f-8aaf-eca4999493c3"><testcase classname="tests.api.test_mcp" name="test_admin_requires_session" time="0.628" /><testcase classname="tests.api.test_mcp" name="test_mcp_requires_bearer" time="0.419" /><testcase classname="tests.api.test_mcp" name="test_get_is_405" time="0.120" /><testcase classname="tests.api.test_mcp" name="test_initialize_and_tools_list_filtered_by_scope" time="0.485" /><testcase classname="tests.api.test_mcp" name="test_notification_is_202" time="0.197" /><testcase classname="tests.api.test_mcp" name="test_scope_denied_is_tool_error" time="0.221" /><testcase classname="tests.api.test_mcp" name="test_invalid_args" time="0.149" /><testcase classname="tests.api.test_mcp" name="test_unknown_method" time="0.219" /><testcase classname="tests.api.test_mcp" name="test_call_without_bridge_or_with" time="0.142" /><testcase classname="tests.api.test_mcp" name="test_secret_write_needs_approval" time="0.570" /><testcase classname="tests.api.test_mcp" name="test_revoke_then_denied" time="0.431" /><testcase classname="tests.api.test_mcp" name="test_token_validation" time="0.105" /></testsuite></testsuites>