<?xml version="1.0" encoding="utf-8"?><testsuites name="pytest tests"><testsuite name="pytest" errors="0" failures="0" skipped="1" tests="18" time="12.003" timestamp="2026-09-04T22:15:33.701725+00:00" hostname="agent-env-a941bdb8-ebaf-4435-aa28-abfebd115da3"><testcase classname="tests.api.test_mail_temp" name="test_list_requires_no_key_and_reports_smailpro_off" time="0.424" /><testcase classname="tests.api.test_mail_temp" name="test_create_mailtm_box" time="1.195" /><testcase classname="tests.api.test_mail_temp" name="test_paid_kinds_return_503_no_key[temp]" time="0.063" /><testcase classname="tests.api.test_mail_temp" name="test_paid_kinds_return_503_no_key[gmail]" time="0.063" /><testcase classname="tests.api.test_mail_temp" name="test_paid_kinds_return_503_no_key[outlook]" time="0.070" /><testcase classname="tests.api.test_mail_temp" name="test_create_invalid_kind" time="0.072" /><testcase classname="tests.api.test_mail_temp" name="test_create_empty_body" time="0.059" /><testcase classname="tests.api.test_mail_temp" name="test_inbox_contract" time="0.201" /><testcase classname="tests.api.test_mail_temp" name="test_message_unknown_mid_404" time="0.199" /><testcase classname="tests.api.test_mail_temp" name="test_extend_mailtm_not_supported" time="0.069" /><testcase classname="tests.api.test_mail_temp" name="test_unknown_box_404" time="0.202" /><testcase classname="tests.api.test_mail_temp" name="test_bad_id_shape_404" time="0.062" /><testcase classname="tests.api.test_mail_temp" name="test_delete_box_and_repeat_404" time="0.946" /><testcase classname="tests.api.test_mail_temp" name="test_anonymous_requests_401" time="0.460" /><testcase classname="tests.api.test_mail_temp" name="test_rate_limit_429" time="0.212"><skipped type="pytest.skip" message="RUN_TEMP_RATE_LIMIT=1 чтобы проверить лимит">/app/tests/api/test_mail_temp.py:148: RUN_TEMP_RATE_LIMIT=1 чтобы проверить лимит</skipped></testcase><testcase classname="tests.api.test_mail_temp_delivery.TestTempInboxContract" name="test_inbox_returns_rows_and_count" time="0.540" /><testcase classname="tests.api.test_mail_temp_delivery.TestRealDelivery" name="test_deliver_and_read" time="6.990" /><testcase classname="tests.api.test_mail_temp_delivery.TestRealDelivery" name="test_message_bad_mid" time="0.064" /></testsuite></testsuites>