<?xml version="1.0" encoding="utf-8"?><testsuites name="pytest tests"><testsuite name="pytest" errors="0" failures="0" skipped="0" tests="20" time="31.891" timestamp="2026-09-04T17:25:45.875302+00:00" hostname="agent-env-da4fa513-89fd-46a5-aa73-488e2ddf8750"><testcase classname="tests.api.test_mail" name="test_unauth_accounts_returns_401" time="0.594" /><testcase classname="tests.api.test_mail" name="test_discover_gmail_builtin" time="0.034" /><testcase classname="tests.api.test_mail" name="test_discover_proton_bridge" time="0.068" /><testcase classname="tests.api.test_mail" name="test_discover_hotmail_oauth" time="0.030" /><testcase classname="tests.api.test_mail" name="test_discover_ethereal_srv" time="1.070" /><testcase classname="tests.api.test_mail" name="test_discover_invalid_email" time="0.030" /><testcase classname="tests.api.test_mail" name="test_ethereal_account_created" time="3.688" /><testcase classname="tests.api.test_mail" name="test_list_accounts_no_password_fields" time="0.068" /><testcase classname="tests.api.test_mail" name="test_gmail_wrong_password_not_saved" time="1.516" /><testcase classname="tests.api.test_mail" name="test_manual_config_disallowed_port" time="0.038" /><testcase classname="tests.api.test_mail" name="test_manual_config_security_none_non_loopback" time="0.048" /><testcase classname="tests.api.test_mail" name="test_reverify" time="3.119" /><testcase classname="tests.api.test_mail" name="test_rename" time="3.165" /><testcase classname="tests.api.test_mail" name="test_bad_password_kept_old" time="5.926" /><testcase classname="tests.api.test_mail" name="test_put_nonexistent" time="0.033" /><testcase classname="tests.api.test_mail" name="test_send_ok" time="2.903" /><testcase classname="tests.api.test_mail" name="test_send_empty_body" time="0.049" /><testcase classname="tests.api.test_mail" name="test_send_invalid_to" time="0.031" /><testcase classname="tests.api.test_mail" name="test_delete_and_double" time="3.871" /><testcase classname="tests.api.test_mail" name="test_zzz_rate_limit_last" time="5.497" /></testsuite></testsuites>