<?xml version="1.0" encoding="utf-8"?><testsuites name="pytest tests"><testsuite name="pytest" errors="0" failures="2" skipped="0" tests="14" time="6.540" timestamp="2026-09-06T15:07:35.854716+00:00" hostname="agent-env-740f42ae-8f7f-41f8-9cf3-18e33fd981ed"><testcase classname="tests.api.test_admin" name="test_key_preview" time="0.603" /><testcase classname="tests.api.test_admin" name="test_register_validation" time="0.963" /><testcase classname="tests.api.test_admin" name="test_registered_user_has_access" time="0.499" /><testcase classname="tests.api.test_admin" name="test_key_is_single_use" time="0.239" /><testcase classname="tests.api.test_admin" name="test_duplicate_login" time="0.303" /><testcase classname="tests.api.test_admin" name="test_upgrade_by_pro_key" time="0.492" /><testcase classname="tests.api.test_admin" name="test_admin_only" time="0.253" /><testcase classname="tests.api.test_admin" name="test_plan_crud" time="0.065"><failure message="AssertionError: {&quot;code&quot;:&quot;INVALID_ARGS&quot;,&quot;error&quot;:&quot;Некорректный набор функций&quot;}&#10;assert 400 == 200&#10; +  where 400 = &lt;Response [400]&gt;.status_code">admin = &lt;requests.sessions.Session object at 0xf884d7101010&gt;

    def test_plan_crud(admin):
        body = {"name": "Team", "tagline": "pytest", "color": "blue", "days": 60, "aiDailyLimit": 20,
                "features": {"ai": True, "mcp": False, "sync": True, "secrets": True, "offline": False, "telemetry": True}}
        r = admin.post(f"{BASE}/admin/api/plans", json=body, timeout=15)
&gt;       assert r.status_code == 200, r.text
E       AssertionError: {"code":"INVALID_ARGS","error":"Некорректный набор функций"}
E       assert 400 == 200
E        +  where 400 = &lt;Response [400]&gt;.status_code

tests/api/test_admin.py:114: AssertionError</failure></testcase><testcase classname="tests.api.test_admin" name="test_set_plan_and_license_by_admin" time="0.605" /><testcase classname="tests.api.test_admin" name="test_user_isolation" time="0.211" /><testcase classname="tests.api.test_admin" name="test_feature_toggle" time="0.311"><failure message="assert (200 == 200 and True is False)&#10; +  where 200 = &lt;Response [200]&gt;.status_code">admin = &lt;requests.sessions.Session object at 0xf884d7101010&gt;
user = &lt;requests.sessions.Session object at 0xf884d6cef650&gt;

    def test_feature_toggle(admin, user):
        uid = user.get(f"{BASE}/ai-api/auth/session", timeout=15).json()["user"]["id"]
        feats = {"ai": False, "mcp": True, "sync": True, "secrets": True, "offline": True, "telemetry": True}
        r = admin.patch(f"{BASE}/admin/api/users/{uid}", json={"features": feats, "aiDailyLimit": 3}, timeout=15)
&gt;       assert r.status_code == 200 and r.json()["features"]["ai"] is False and r.json()["aiDailyLimit"] == 3
E       assert (200 == 200 and True is False)
E        +  where 200 = &lt;Response [200]&gt;.status_code

tests/api/test_admin.py:150: AssertionError</failure></testcase><testcase classname="tests.api.test_admin" name="test_admin_cannot_demote_self" time="0.208" /><testcase classname="tests.api.test_admin" name="test_reset_password_and_sessions" time="0.767" /><testcase classname="tests.api.test_admin" name="test_block_and_delete" time="0.927" /></testsuite></testsuites>