<?xml version="1.0" encoding="utf-8"?><testsuites name="pytest tests"><testsuite name="pytest" errors="0" failures="0" skipped="0" tests="10" time="4.583" timestamp="2026-09-04T00:25:49.878888+00:00" hostname="agent-env-9ca0645f-c37c-435f-8aaf-eca4999493c3"><testcase classname="tests.api.test_admin" name="test_register_validation" time="0.497" /><testcase classname="tests.api.test_admin" name="test_new_user_needs_license" time="0.456" /><testcase classname="tests.api.test_admin" name="test_duplicate_email" time="0.124" /><testcase classname="tests.api.test_admin" name="test_admin_only" time="0.460" /><testcase classname="tests.api.test_admin" name="test_license_key_flow" time="0.529" /><testcase classname="tests.api.test_admin" name="test_user_isolation" time="0.284" /><testcase classname="tests.api.test_admin" name="test_feature_toggle" time="0.422" /><testcase classname="tests.api.test_admin" name="test_admin_cannot_demote_self" time="0.216" /><testcase classname="tests.api.test_admin" name="test_reset_password_and_sessions" time="0.767" /><testcase classname="tests.api.test_admin" name="test_block_and_delete" time="0.777" /></testsuite></testsuites>