<?xml version="1.0" encoding="utf-8"?><testsuites name="pytest tests"><testsuite name="pytest" errors="0" failures="0" skipped="0" tests="5" time="1.786" timestamp="2026-09-03T23:37:32.431078+00:00" hostname="agent-env-9ca0645f-c37c-435f-8aaf-eca4999493c3"><testcase classname="tests.api.test_sync" name="test_requires_session" time="0.325" /><testcase classname="tests.api.test_sync" name="test_register_and_wrong_pass" time="0.537" /><testcase classname="tests.api.test_sync" name="test_device_auth" time="0.155" /><testcase classname="tests.api.test_sync" name="test_push_pull_order_and_self_filter" time="0.441" /><testcase classname="tests.api.test_sync" name="test_revoke" time="0.275" /></testsuite></testsuites>