<?xml version="1.0" encoding="utf-8"?><testsuites name="pytest tests"><testsuite name="pytest" errors="0" failures="0" skipped="0" tests="14" time="4.801" timestamp="2026-09-04T21:44:26.994630+00:00" hostname="agent-env-a941bdb8-ebaf-4435-aa28-abfebd115da3"><testcase classname="tests.api.test_mail_temp" name="test_list_requires_no_key_and_reports_smailpro_off" time="0.506" /><testcase classname="tests.api.test_mail_temp" name="test_create_mailtm_box" time="1.195" /><testcase classname="tests.api.test_mail_temp" name="test_paid_kinds_return_503_no_key[temp]" time="0.075" /><testcase classname="tests.api.test_mail_temp" name="test_paid_kinds_return_503_no_key[gmail]" time="0.088" /><testcase classname="tests.api.test_mail_temp" name="test_paid_kinds_return_503_no_key[outlook]" time="0.113" /><testcase classname="tests.api.test_mail_temp" name="test_create_invalid_kind" time="0.076" /><testcase classname="tests.api.test_mail_temp" name="test_create_empty_body" time="0.074" /><testcase classname="tests.api.test_mail_temp" name="test_inbox_contract" time="0.209" /><testcase classname="tests.api.test_mail_temp" name="test_message_unknown_mid_404" time="0.225" /><testcase classname="tests.api.test_mail_temp" name="test_extend_mailtm_not_supported" time="0.087" /><testcase classname="tests.api.test_mail_temp" name="test_unknown_box_404" time="0.227" /><testcase classname="tests.api.test_mail_temp" name="test_bad_id_shape_404" time="0.087" /><testcase classname="tests.api.test_mail_temp" name="test_delete_box_and_repeat_404" time="1.014" /><testcase classname="tests.api.test_mail_temp" name="test_anonymous_requests_401" time="0.741" /></testsuite></testsuites>