<?xml version="1.0" encoding="utf-8"?><testsuites name="pytest tests"><testsuite name="pytest" errors="0" failures="0" skipped="0" tests="4" time="1.197" timestamp="2026-08-30T18:33:35.150432+00:00" hostname="agent-env-d2d474ae-dd0c-4f4c-b331-f8ed200f1d82"><testcase classname="tests.api.test_wave2_review.TestAuthGate" name="test_telemetry_post_requires_auth" time="0.010" /><testcase classname="tests.api.test_wave2_review.TestAuthGate" name="test_chat_requires_auth" time="0.007" /><testcase classname="tests.api.test_wave2_review.TestTelemetryHeaders" name="test_request_id_on_accept_and_metrics" time="0.052" /><testcase classname="tests.api.test_wave2_review.TestChatCtxEvent" name="test_sse_emits_ctx_with_fill" time="1.067" /></testsuite></testsuites>