<?xml version="1.0" encoding="utf-8"?><testsuites name="pytest tests"><testsuite name="pytest" errors="0" failures="0" skipped="0" tests="11" time="0.705" timestamp="2026-08-30T20:21:15.038606+00:00" hostname="agent-env-4af551ae-cd81-4a18-8231-9f2f88d10494"><testcase classname="tests.api.test_wave2_qa.TestAuthRegression" name="test_login_bad_password_rejected" time="0.014" /><testcase classname="tests.api.test_wave2_qa.TestAuthRegression" name="test_skills_denied_without_cookie" time="0.006" /><testcase classname="tests.api.test_wave2_qa.TestAuthRegression" name="test_session_endpoint_with_cookie" time="0.020" /><testcase classname="tests.api.test_wave2_qa.TestRateLimiter" name="test_broken_bodies_never_429" time="0.179" /><testcase classname="tests.api.test_wave2_qa.TestRateLimiter" name="test_valid_bodies_hit_limit" time="0.078" /><testcase classname="tests.api.test_wave2_qa.TestTelemetry" name="test_post_open_without_cookie" time="0.010" /><testcase classname="tests.api.test_wave2_qa.TestTelemetry" name="test_get_requires_cookie" time="0.004" /><testcase classname="tests.api.test_wave2_qa.TestTelemetry" name="test_metrics_shape_and_marker" time="0.014" /><testcase classname="tests.api.test_wave2_qa.TestTelemetry" name="test_own_limit" time="0.221" /><testcase classname="tests.api.test_wave2_qa.TestAiDirSeed" name="test_skills_has_find_file" time="0.008" /><testcase classname="tests.api.test_wave2_qa.TestAiDirSeed" name="test_mcp_ok" time="0.008" /></testsuite></testsuites>