<?xml version="1.0" encoding="utf-8"?><testsuites name="pytest tests"><testsuite name="pytest" errors="0" failures="0" skipped="0" tests="12" time="0.577" timestamp="2026-08-30T17:11:59.975161+00:00" hostname="agent-env-42ed1600-daa6-40ee-81a0-6d9b158359d5"><testcase classname="tests.api.test_wave1" name="test_anon_gets_401[/ai-api/skills]" time="0.009" /><testcase classname="tests.api.test_wave1" name="test_anon_gets_401[/ai-api/sessions]" time="0.008" /><testcase classname="tests.api.test_wave1" name="test_anon_gets_401[/ai-api/mcp]" time="0.005" /><testcase classname="tests.api.test_wave1" name="test_anon_gets_401[/ai-api/system]" time="0.004" /><testcase classname="tests.api.test_wave1" name="test_anon_chat_401" time="0.004" /><testcase classname="tests.api.test_wave1" name="test_login_wrong_password" time="0.009" /><testcase classname="tests.api.test_wave1" name="test_login_correct_and_session_and_logout" time="0.039" /><testcase classname="tests.api.test_wave1" name="test_chat_local_engine_409" time="0.043" /><testcase classname="tests.api.test_wave1" name="test_errors_dont_leak_env" time="0.019" /><testcase classname="tests.api.test_wave1" name="test_mcp_get_does_not_leak_token" time="0.009" /><testcase classname="tests.api.test_wave1" name="test_mcp_put_notion_token_not_persisted" time="0.027" /><testcase classname="tests.api.test_wave1" name="test_rate_limit_11th_call_429" time="0.350" /></testsuite></testsuites>